<?xml version="1.0" encoding="UTF-8"?>
<!-- Generated by org.testng.reporters.JUnitReportReporter -->
<testsuite hostname="LAPTOP-Q08K87KM" failures="0" tests="1" name="com.crm.CreateOrgTest.ReadDataTest" time="0.010" errors="0" timestamp="2022-03-14T16:17:39 IST" skipped="0">
  <testcase classname="com.crm.CreateOrgTest.ReadDataTest" name="read" time="0.010"/>
  <system-out/>
</testsuite> <!-- com.crm.CreateOrgTest.ReadDataTest -->
